<?xml version="1.0" encoding="UTF-8"?>
<testsuites name="New Test Suite" time="111.227" tests="2" failures="0" errors="0">
   <testsuite name="New Test Suite" tests="2" failures="0" errors="0" time="111.227" skipped="0" timestamp="2022-09-20 14:14:55" hostname="Power - DESKTOP-B2LA5HP" id="Test Suites/New Test Suite">
      <properties>
         <property name="deviceName" value=""/>
         <property name="devicePlatform" value=""/>
         <property name="logFolder" value="C:\\Users\\Power\\git\\kt\\Reports\\20220920_141450\\New Test Suite\\20220920_141451"/>
         <property name="logFiles" value="C:\\Users\\Power\\git\\kt\\Reports\\20220920_141450\\New Test Suite\\20220920_141451\\execution0.log"/>
         <property name="attachments" value=""/>
         <property name="hostName" value="Power - DESKTOP-B2LA5HP"/>
         <property name="hostAddress" value="192.168.1.215"/>
         <property name="desiredCapabilities" value="{}"/>
         <property name="os" value="Windows 10 64bit"/>
         <property name="katalonVersion" value="8.4.1.208"/>
      </properties>
      <testcase name="Test Cases/New Test Case" time="15.537" classname="Test Cases/New Test Case" status="PASSED">
         <system-out><![CDATA[2022-09-20 14:14:55 - [TEST_CASE][PASSED] - Test Cases/New Test Case: Test Cases/New Test Case

2022-09-20 14:14:56 - [TEST_STEP][PASSED] - delay(10): Delayed 10 second(s)

2022-09-20 14:15:06 - [MESSAGE][PASSED] - Delayed 10 second(s)

2022-09-20 14:15:06 - [TEST_STEP][PASSED] - startApplicationWithTitle("C:\Users\Power\Desktop\Cargo-BI-Client\Cargo_BI_Client\bin\Debug\net6.0-windows\Cargo_BI_Client.exe", ""): The application at location: C:\Users\Power\Desktop\Cargo-BI-Client\Cargo_BI_Client\bin\Debug\net6.0-windows\Cargo_BI_Client.exe started.

2022-09-20 14:15:06 - [MESSAGE][INFO] - Starting application C:\Users\Power\Desktop\Cargo-BI-Client\Cargo_BI_Client\bin\Debug\net6.0-windows\Cargo_BI_Client.exe on the local machine at address http://127.0.0.1:4723

2022-09-20 14:15:08 - [MESSAGE][PASSED] - The application at location: C:\Users\Power\Desktop\Cargo-BI-Client\Cargo_BI_Client\bin\Debug\net6.0-windows\Cargo_BI_Client.exe started.

2022-09-20 14:15:08 - [TEST_STEP][NOT_RUN] - delay(5): NOT_RUN: delay(5)

2022-09-20 14:15:08 - [MESSAGE][NOT_RUN] - NOT_RUN: delay(5)

2022-09-20 14:15:08 - [TEST_STEP][PASSED] - click(findWindowsObject("MenuBar")): Click on element: Object Repository/MenuBar succesfully

2022-09-20 14:15:09 - [MESSAGE][INFO] - Clicking on element: Object Repository/MenuBar

2022-09-20 14:15:10 - [MESSAGE][PASSED] - Click on element: Object Repository/MenuBar succesfully

2022-09-20 14:15:10 - [TEST_STEP][PASSED] - click(findWindowsObject("Button - Maximize")): Click on element: Object Repository/Button - Maximize succesfully

2022-09-20 14:15:10 - [MESSAGE][INFO] - Clicking on element: Object Repository/Button - Maximize

2022-09-20 14:15:10 - [MESSAGE][PASSED] - Click on element: Object Repository/Button - Maximize succesfully

2022-09-20 14:15:10 - [TEST_STEP][PASSED] - setText(findWindowsObject("Object Repository/LoginPage/Textfield - Username"), "Kis"): Text Kis is set

2022-09-20 14:15:11 - [MESSAGE][PASSED] - Text Kis is set

2022-09-20 14:15:11 - [TEST_STEP][PASSED] - closeApplication(): Fire Close event sucessfully.

2022-09-20 14:15:11 - [MESSAGE][PASSED] - Fire Close event sucessfully.]]></system-out>
         <system-err><![CDATA[]]></system-err>
      </testcase>
      <testcase name="Test Cases/Crash_test" time="95.138" classname="Test Cases/Crash_test" status="PASSED">
         <system-out><![CDATA[2022-09-20 14:15:11 - [TEST_CASE][PASSED] - Test Cases/Crash_test: Test Cases/Crash_test

2022-09-20 14:15:11 - [TEST_STEP][PASSED] - startApplicationWithTitle("C:\Users\Power\Desktop\Cargo-BI-Client\Cargo_BI_Client\bin\Debug\net6.0-windows\Cargo_BI_Client.exe", ""): The application at location: C:\Users\Power\Desktop\Cargo-BI-Client\Cargo_BI_Client\bin\Debug\net6.0-windows\Cargo_BI_Client.exe started.

2022-09-20 14:15:11 - [MESSAGE][INFO] - Starting application C:\Users\Power\Desktop\Cargo-BI-Client\Cargo_BI_Client\bin\Debug\net6.0-windows\Cargo_BI_Client.exe on the local machine at address http://127.0.0.1:4723

2022-09-20 14:15:12 - [MESSAGE][PASSED] - The application at location: C:\Users\Power\Desktop\Cargo-BI-Client\Cargo_BI_Client\bin\Debug\net6.0-windows\Cargo_BI_Client.exe started.

2022-09-20 14:15:12 - [TEST_STEP][PASSED] - delay(4): Delayed 4 second(s)

2022-09-20 14:15:16 - [MESSAGE][PASSED] - Delayed 4 second(s)

2022-09-20 14:15:16 - [TEST_STEP][PASSED] - click(findWindowsObject("MenuBar")): Click on element: Object Repository/MenuBar succesfully

2022-09-20 14:15:16 - [MESSAGE][INFO] - Clicking on element: Object Repository/MenuBar

2022-09-20 14:15:17 - [MESSAGE][PASSED] - Click on element: Object Repository/MenuBar succesfully

2022-09-20 14:15:17 - [TEST_STEP][PASSED] - click(findWindowsObject("Button - Maximize")): Click on element: Object Repository/Button - Maximize succesfully

2022-09-20 14:15:17 - [MESSAGE][INFO] - Clicking on element: Object Repository/Button - Maximize

2022-09-20 14:15:17 - [MESSAGE][PASSED] - Click on element: Object Repository/Button - Maximize succesfully

2022-09-20 14:15:17 - [TEST_STEP][PASSED] - sendKeys(findWindowsObject("Window"), Keys.chord(CONTROL, SHIFT, "a")): Keys a are pressed

2022-09-20 14:15:18 - [MESSAGE][PASSED] - Keys a are pressed

2022-09-20 14:15:18 - [TEST_STEP][PASSED] - delay(80): Delayed 80 second(s)

2022-09-20 14:16:38 - [MESSAGE][PASSED] - Delayed 80 second(s)

2022-09-20 14:16:38 - [TEST_STEP][PASSED] - findElement(findWindowsObject("Window")): Search for element with locator: [Name="Cargo-BI"]

2022-09-20 14:16:38 - [MESSAGE][PASSED] - Search for element with locator: [Name="Cargo-BI"]

2022-09-20 14:16:38 - [TEST_STEP][PASSED] - findElement(findWindowsObject("TitleBar")): Search for element with locator: [Tag Name="TitleBar"]

2022-09-20 14:16:38 - [MESSAGE][PASSED] - Search for element with locator: [Tag Name="TitleBar"]

2022-09-20 14:16:38 - [TEST_STEP][PASSED] - findElement(findWindowsObject("MenuBar")): Search for element with locator: [Tag Name="MenuBar"]

2022-09-20 14:16:38 - [MESSAGE][PASSED] - Search for element with locator: [Tag Name="MenuBar"]

2022-09-20 14:16:39 - [TEST_STEP][PASSED] - findElement(findWindowsObject("Text_WelcomeToCargoBI_Outer")): Search for element with locator: [XPATH="//Window/Custom[1]/Text[1]"]

2022-09-20 14:16:39 - [MESSAGE][PASSED] - Search for element with locator: [XPATH="//Window/Custom[1]/Text[1]"]

2022-09-20 14:16:39 - [TEST_STEP][PASSED] - findElement(findWindowsObject("Text_WelcomeToCargoBI_Inner")): Search for element with locator: [XPATH="//Window/Custom[1]/Text[1]/Text[1]"]

2022-09-20 14:16:39 - [MESSAGE][PASSED] - Search for element with locator: [XPATH="//Window/Custom[1]/Text[1]/Text[1]"]

2022-09-20 14:16:39 - [TEST_STEP][PASSED] - findElement(findWindowsObject("Text_Username_Outer")): Search for element with locator: [XPATH="//Window/Custom[1]/Text[2]"]

2022-09-20 14:16:39 - [MESSAGE][PASSED] - Search for element with locator: [XPATH="//Window/Custom[1]/Text[2]"]

2022-09-20 14:16:39 - [TEST_STEP][PASSED] - findElement(findWindowsObject("Text_Username_Inner")): Search for element with locator: [XPATH="//Window/Custom[1]/Text[2]/Text[1]"]

2022-09-20 14:16:39 - [MESSAGE][PASSED] - Search for element with locator: [XPATH="//Window/Custom[1]/Text[2]/Text[1]"]

2022-09-20 14:16:40 - [TEST_STEP][PASSED] - findElement(findWindowsObject("ComboBox")): Search for element with locator: [Class Name="ComboBox"]

2022-09-20 14:16:40 - [MESSAGE][PASSED] - Search for element with locator: [Class Name="ComboBox"]

2022-09-20 14:16:40 - [TEST_STEP][PASSED] - click(findWindowsObject("ComboBox")): Click on element: Object Repository/ComboBox succesfully

2022-09-20 14:16:40 - [MESSAGE][INFO] - Clicking on element: Object Repository/ComboBox

2022-09-20 14:16:40 - [MESSAGE][PASSED] - Click on element: Object Repository/ComboBox succesfully

2022-09-20 14:16:40 - [TEST_STEP][PASSED] - findElement(findWindowsObject("Text_Test")): Search for element with locator: [XPATH="//Window/Custom[1]/ComboBox[1]/ListItem[3]/Text[1]"]

2022-09-20 14:16:40 - [MESSAGE][PASSED] - Search for element with locator: [XPATH="//Window/Custom[1]/ComboBox[1]/ListItem[3]/Text[1]"]

2022-09-20 14:16:41 - [TEST_STEP][PASSED] - findElement(findWindowsObject("Text_ADMethod")): Search for element with locator: [XPATH="//Window/Custom[1]/ComboBox[1]/ListItem[1]/Text[1]"]

2022-09-20 14:16:41 - [MESSAGE][PASSED] - Search for element with locator: [XPATH="//Window/Custom[1]/ComboBox[1]/ListItem[1]/Text[1]"]

2022-09-20 14:16:41 - [TEST_STEP][PASSED] - findElement(findWindowsObject("Text_CWMethod")): Search for element with locator: [XPATH="//Window/Custom[1]/ComboBox[1]/ListItem[2]/Text[1]"]

2022-09-20 14:16:41 - [MESSAGE][PASSED] - Search for element with locator: [XPATH="//Window/Custom[1]/ComboBox[1]/ListItem[2]/Text[1]"]

2022-09-20 14:16:41 - [TEST_STEP][PASSED] - findElement(findWindowsObject("ListItem_ADMethod")): Search for element with locator: [XPATH="//Window/Custom[1]/ComboBox[1]/ListItem[1]"]

2022-09-20 14:16:42 - [MESSAGE][PASSED] - Search for element with locator: [XPATH="//Window/Custom[1]/ComboBox[1]/ListItem[1]"]

2022-09-20 14:16:42 - [TEST_STEP][PASSED] - findElement(findWindowsObject("ListItem_CWMethod")): Search for element with locator: [XPATH="//Window/Custom[1]/ComboBox[1]/ListItem[2]"]

2022-09-20 14:16:42 - [MESSAGE][PASSED] - Search for element with locator: [XPATH="//Window/Custom[1]/ComboBox[1]/ListItem[2]"]

2022-09-20 14:16:42 - [TEST_STEP][PASSED] - findElement(findWindowsObject("ListItem_Test")): Search for element with locator: [XPATH="//Window/Custom[1]/ComboBox[1]/ListItem[3]"]

2022-09-20 14:16:42 - [MESSAGE][PASSED] - Search for element with locator: [XPATH="//Window/Custom[1]/ComboBox[1]/ListItem[3]"]

2022-09-20 14:16:43 - [TEST_STEP][PASSED] - findElement(findWindowsObject("Text_Password_Outer")): Search for element with locator: [XPATH="//Window/Custom[1]/Text[3]"]

2022-09-20 14:16:43 - [MESSAGE][PASSED] - Search for element with locator: [XPATH="//Window/Custom[1]/Text[3]"]

2022-09-20 14:16:43 - [TEST_STEP][PASSED] - findElement(findWindowsObject("Text_Password_Inner")): Search for element with locator: [XPATH="//Window/Custom[1]/Text[3]/Text[1]"]

2022-09-20 14:16:43 - [MESSAGE][PASSED] - Search for element with locator: [XPATH="//Window/Custom[1]/Text[3]/Text[1]"]

2022-09-20 14:16:43 - [TEST_STEP][PASSED] - findElement(findWindowsObject("Edit_Username")): Search for element with locator: [Class Name="TextBox"]

2022-09-20 14:16:43 - [MESSAGE][PASSED] - Search for element with locator: [Class Name="TextBox"]

2022-09-20 14:16:43 - [TEST_STEP][PASSED] - findElement(findWindowsObject("Edit_Password")): Search for element with locator: [Class Name="PasswordBox"]

2022-09-20 14:16:43 - [MESSAGE][PASSED] - Search for element with locator: [Class Name="PasswordBox"]

2022-09-20 14:16:44 - [TEST_STEP][PASSED] - findElement(findWindowsObject("Custom")): Search for element with locator: [Class Name="LoginScreen"]

2022-09-20 14:16:44 - [MESSAGE][PASSED] - Search for element with locator: [Class Name="LoginScreen"]

2022-09-20 14:16:44 - [TEST_STEP][PASSED] - findElement(findWindowsObject("Button_Login")): Search for element with locator: [Class Name="Button"]

2022-09-20 14:16:44 - [MESSAGE][PASSED] - Search for element with locator: [Class Name="Button"]

2022-09-20 14:16:44 - [TEST_STEP][PASSED] - click(findWindowsObject("Button_Login")): Click on element: Object Repository/Button_Login succesfully

2022-09-20 14:16:44 - [MESSAGE][INFO] - Clicking on element: Object Repository/Button_Login

2022-09-20 14:16:44 - [MESSAGE][PASSED] - Click on element: Object Repository/Button_Login succesfully

2022-09-20 14:16:44 - [TEST_STEP][PASSED] - click(findWindowsObject("Button_Login")): Click on element: Object Repository/Button_Login succesfully

2022-09-20 14:16:45 - [MESSAGE][INFO] - Clicking on element: Object Repository/Button_Login

2022-09-20 14:16:45 - [MESSAGE][PASSED] - Click on element: Object Repository/Button_Login succesfully

2022-09-20 14:16:45 - [TEST_STEP][PASSED] - findElement(findWindowsObject("Text_LoginBox_LoginIsSuccessful")): Search for element with locator: [Name="Login successful"]

2022-09-20 14:16:45 - [MESSAGE][PASSED] - Search for element with locator: [Name="Login successful"]

2022-09-20 14:16:45 - [TEST_STEP][PASSED] - findElement(findWindowsObject("Button_LoginBox_OK")): Search for element with locator: [Name="OK"]

2022-09-20 14:16:45 - [MESSAGE][PASSED] - Search for element with locator: [Name="OK"]

2022-09-20 14:16:45 - [TEST_STEP][PASSED] - click(findWindowsObject("Button_LoginBox_OK")): Click on element: Object Repository/Button_LoginBox_OK succesfully

2022-09-20 14:16:46 - [MESSAGE][INFO] - Clicking on element: Object Repository/Button_LoginBox_OK

2022-09-20 14:16:46 - [MESSAGE][PASSED] - Click on element: Object Repository/Button_LoginBox_OK succesfully

2022-09-20 14:16:46 - [TEST_STEP][PASSED] - closeApplication(): Fire Close event sucessfully.

2022-09-20 14:16:46 - [MESSAGE][PASSED] - Fire Close event sucessfully.]]></system-out>
         <system-err><![CDATA[]]></system-err>
      </testcase>
      <system-out><![CDATA[2022-09-20 14:14:55 - [TEST_SUITE][PASSED] - New Test Suite: Test Cases/Crash_test]]></system-out>
      <system-err><![CDATA[]]></system-err>
   </testsuite>
</testsuites>
