<?xml version="1.0" encoding="UTF-8"?>
<testsuites name="New Test Suite" time="8.315" tests="1" failures="0" errors="0">
   <testsuite name="New Test Suite" tests="1" failures="0" errors="0" time="8.315" skipped="0" timestamp="2022-09-20 13:54:43" hostname="Power - DESKTOP-B2LA5HP" id="Test Suites/New Test Suite">
      <properties>
         <property name="deviceName" value=""/>
         <property name="devicePlatform" value=""/>
         <property name="logFolder" value="C:\\Users\\Power\\git\\kt\\Reports\\20220920_135439\\New Test Suite\\20220920_135440"/>
         <property name="logFiles" value="C:\\Users\\Power\\git\\kt\\Reports\\20220920_135439\\New Test Suite\\20220920_135440\\execution0.log"/>
         <property name="attachments" value=""/>
         <property name="hostName" value="Power - DESKTOP-B2LA5HP"/>
         <property name="hostAddress" value="192.168.1.215"/>
         <property name="desiredCapabilities" value="{}"/>
         <property name="os" value="Windows 10 64bit"/>
         <property name="katalonVersion" value="8.4.1.208"/>
      </properties>
      <testcase name="Test Cases/New Test Case" time="7.718" classname="Test Cases/New Test Case" status="PASSED">
         <system-out><![CDATA[2022-09-20 13:54:44 - [TEST_CASE][PASSED] - Test Cases/New Test Case: Test Cases/New Test Case

2022-09-20 13:54:44 - [TEST_STEP][PASSED] - startApplicationWithTitle("C:\Users\Power\Desktop\Cargo-BI-Client\Cargo_BI_Client\bin\Debug\net6.0-windows\Cargo_BI_Client.exe", ""): The application at location: C:\Users\Power\Desktop\Cargo-BI-Client\Cargo_BI_Client\bin\Debug\net6.0-windows\Cargo_BI_Client.exe started.

2022-09-20 13:54:45 - [MESSAGE][INFO] - Starting application C:\Users\Power\Desktop\Cargo-BI-Client\Cargo_BI_Client\bin\Debug\net6.0-windows\Cargo_BI_Client.exe on the local machine at address http://127.0.0.1:4723

2022-09-20 13:54:47 - [MESSAGE][PASSED] - The application at location: C:\Users\Power\Desktop\Cargo-BI-Client\Cargo_BI_Client\bin\Debug\net6.0-windows\Cargo_BI_Client.exe started.

2022-09-20 13:54:47 - [TEST_STEP][NOT_RUN] - delay(5): NOT_RUN: delay(5)

2022-09-20 13:54:47 - [MESSAGE][NOT_RUN] - NOT_RUN: delay(5)

2022-09-20 13:54:47 - [TEST_STEP][PASSED] - click(findWindowsObject("MenuBar")): Click on element: Object Repository/MenuBar succesfully

2022-09-20 13:54:48 - [MESSAGE][INFO] - Clicking on element: Object Repository/MenuBar

2022-09-20 13:54:49 - [MESSAGE][PASSED] - Click on element: Object Repository/MenuBar succesfully

2022-09-20 13:54:49 - [TEST_STEP][PASSED] - click(findWindowsObject("Button - Maximize")): Click on element: Object Repository/Button - Maximize succesfully

2022-09-20 13:54:49 - [MESSAGE][INFO] - Clicking on element: Object Repository/Button - Maximize

2022-09-20 13:54:49 - [MESSAGE][PASSED] - Click on element: Object Repository/Button - Maximize succesfully

2022-09-20 13:54:49 - [TEST_STEP][PASSED] - setText(findWindowsObject("Object Repository/LoginPage/Textfield - Username"), "Kis"): Text Kis is set

2022-09-20 13:54:50 - [MESSAGE][PASSED] - Text Kis is set

2022-09-20 13:54:50 - [TEST_STEP][PASSED] - delay(1): Delayed 1 second(s)

2022-09-20 13:54:51 - [MESSAGE][PASSED] - Delayed 1 second(s)

2022-09-20 13:54:51 - [TEST_STEP][PASSED] - closeApplication(): Fire Close event sucessfully.

2022-09-20 13:54:51 - [MESSAGE][PASSED] - Fire Close event sucessfully.]]></system-out>
         <system-err><![CDATA[]]></system-err>
      </testcase>
      <system-out><![CDATA[2022-09-20 13:54:43 - [TEST_SUITE][PASSED] - New Test Suite: Test Cases/New Test Case]]></system-out>
      <system-err><![CDATA[]]></system-err>
   </testsuite>
</testsuites>
